#
# There is insufficient memory for the Java Runtime Environment to continue.
# Native memory allocation (mmap) failed to map 134217728 bytes for Failed to commit area from 0x0000000081800000 to 0x0000000089800000 of length 134217728.
# Possible reasons:
#   The system is out of physical RAM or swap space
#   The process is running with CompressedOops enabled, and the Java Heap may be blocking the growth of the native heap
# Possible solutions:
#   Reduce memory load on the system
#   Increase physical memory or swap space
#   Check if swap backing store is full
#   Decrease Java heap size (-Xmx/-Xms)
#   Decrease number of Java threads
#   Decrease Java thread stack sizes (-Xss)
#   Set larger code cache with -XX:ReservedCodeCacheSize=
# This output file may be truncated or incomplete.
#
#  Out of Memory Error (./open/src/hotspot/os/windows/os_windows.cpp:3275), pid=4156, tid=16868
#
# JRE version:  (11.0.9+7) (build )
# Java VM: Java HotSpot(TM) 64-Bit Server VM (11.0.9+7-LTS, mixed mode, sharing, tiered, compressed oops, g1 gc, windows-amd64)
# No core dump will be written. Minidumps are not enabled by default on client versions of Windows
#

---------------  S U M M A R Y ------------

Command Line: -Dfile.encoding=UTF-8 paypal.client.TodoApplication

Host: Intel(R) Core(TM) i3-4005U CPU @ 1.70GHz, 4 cores, 7G,  Windows 10 , 64 bit Build 19041 (10.0.19041.1889)
Time: Wed Aug 24 12:41:58 2022 India Standard Time elapsed time: 0.085839 seconds (0d 0h 0m 0s)

---------------  T H R E A D  ---------------

Current thread (0x0000014012545000):  JavaThread "Unknown thread" [_thread_in_vm, id=16868, stack(0x0000000265900000,0x0000000265a00000)]

Stack: [0x0000000265900000,0x0000000265a00000]
Native frames: (J=compiled Java code, j=interpreted, Vv=VM code, C=native code)
V  [jvm.dll+0x611a3a]
V  [jvm.dll+0x748aaf]
V  [jvm.dll+0x74a135]
V  [jvm.dll+0x74a7b3]
V  [jvm.dll+0x2439f8]
V  [jvm.dll+0x60eeda]
V  [jvm.dll+0x603de5]
V  [jvm.dll+0x2f785c]
V  [jvm.dll+0x2f76e2]
V  [jvm.dll+0x2fc396]
V  [jvm.dll+0x33e1df]
V  [jvm.dll+0x33dc10]
V  [jvm.dll+0x2d5aa8]
V  [jvm.dll+0x2d6c06]
V  [jvm.dll+0x724927]
V  [jvm.dll+0x7261cf]
V  [jvm.dll+0x34af59]
V  [jvm.dll+0x70a4a0]
V  [jvm.dll+0x3b415f]
V  [jvm.dll+0x3b6201]
C  [jli.dll+0x520b]
C  [ucrtbase.dll+0x21bb2]
C  [KERNEL32.DLL+0x17034]
C  [ntdll.dll+0x52651]


---------------  P R O C E S S  ---------------

Threads class SMR info:
_java_thread_list=0x00000140123e2140, length=0, elements={
}

Java Threads: ( => current thread )

Other Threads:
  0x000001401255b000 GCTaskThread "GC Thread#0" [stack: 0x0000000265a00000,0x0000000265b00000] [id=5488]
  0x000001401258c800 ConcurrentGCThread "G1 Main Marker" [stack: 0x0000000265b00000,0x0000000265c00000] [id=5408]
  0x000001401258e000 ConcurrentGCThread "G1 Conc#0" [stack: 0x0000000265c00000,0x0000000265d00000] [id=17220]

[error occurred during error reporting (printing all threads), id 0xc0000005, EXCEPTION_ACCESS_VIOLATION (0xc0000005) at pc=0x00007fff32d442a7]

VM state:not at safepoint (not fully initialized)

VM Mutex/Monitor currently owned by a thread:  ([mutex/lock_event])
[0x0000014012542430] Heap_lock - owner thread: 0x0000014012545000

Heap address: 0x0000000081800000, size: 2024 MB, Compressed Oops mode: Non-zero based: 0x0000000081800000
Narrow klass base: 0x0000000000000000, Narrow klass shift: 0

GC Heap History (0 events):
No events

Deoptimization events (0 events):
No events

Classes redefined (0 events):
No events

Internal exceptions (0 events):
No events

Events (0 events):
No events


Dynamic libraries:
0x00007ff757f10000 - 0x00007ff757f1f000 	C:\Program Files\Java\jdk-11.0.9\bin\javaw.exe
0x00007fff741d0000 - 0x00007fff743c8000 	C:\WINDOWS\SYSTEM32\ntdll.dll
0x00007fff740a0000 - 0x00007fff7415d000 	C:\WINDOWS\System32\KERNEL32.DLL
0x00007fff71e10000 - 0x00007fff720de000 	C:\WINDOWS\System32\KERNELBASE.dll
0x00007fff71a00000 - 0x00007fff71b00000 	C:\WINDOWS\System32\ucrtbase.dll
0x00007fff6cff0000 - 0x00007fff6d008000 	C:\Program Files\Java\jdk-11.0.9\bin\jli.dll
0x00007fff73b90000 - 0x00007fff73c3e000 	C:\WINDOWS\System32\ADVAPI32.dll
0x00007fff72500000 - 0x00007fff7259e000 	C:\WINDOWS\System32\msvcrt.dll
0x00007fff72700000 - 0x00007fff7279c000 	C:\WINDOWS\System32\sechost.dll
0x00007fff723d0000 - 0x00007fff724f5000 	C:\WINDOWS\System32\RPCRT4.dll
0x00007fff73ee0000 - 0x00007fff74080000 	C:\WINDOWS\System32\USER32.dll
0x00007fff72210000 - 0x00007fff72232000 	C:\WINDOWS\System32\win32u.dll
0x00007fff74160000 - 0x00007fff7418a000 	C:\WINDOWS\System32\GDI32.dll
0x00007fff71cd0000 - 0x00007fff71ddb000 	C:\WINDOWS\System32\gdi32full.dll
0x00007fff720e0000 - 0x00007fff7217d000 	C:\WINDOWS\System32\msvcp_win.dll
0x00007fff6cee0000 - 0x00007fff6cef5000 	C:\Program Files\Java\jdk-11.0.9\bin\VCRUNTIME140.dll
0x00007fff61490000 - 0x00007fff6172a000 	C:\WINDOWS\WinSxS\amd64_microsoft.windows.common-controls_6595b64144ccf1df_6.0.19041.1110_none_60b5254171f9507e\COMCTL32.dll
0x00007fff66d60000 - 0x00007fff66d6a000 	C:\WINDOWS\SYSTEM32\VERSION.dll
0x00007fff725a0000 - 0x00007fff725d0000 	C:\WINDOWS\System32\IMM32.DLL
0x00007fff47190000 - 0x00007fff4722b000 	C:\Program Files\Java\jdk-11.0.9\bin\msvcp140.dll
0x00007fff32a60000 - 0x00007fff33557000 	C:\Program Files\Java\jdk-11.0.9\bin\server\jvm.dll
0x00007fff72930000 - 0x00007fff72938000 	C:\WINDOWS\System32\PSAPI.DLL
0x00007fff4e3e0000 - 0x00007fff4e3e9000 	C:\WINDOWS\SYSTEM32\WSOCK32.dll
0x00007fff72940000 - 0x00007fff729ab000 	C:\WINDOWS\System32\WS2_32.dll
0x00007fff66d30000 - 0x00007fff66d57000 	C:\WINDOWS\SYSTEM32\WINMM.dll
0x00007fff701a0000 - 0x00007fff701b2000 	C:\WINDOWS\SYSTEM32\kernel.appcore.dll
0x00007fff6cf90000 - 0x00007fff6cfa0000 	C:\Program Files\Java\jdk-11.0.9\bin\verify.dll
0x00007fff6fe10000 - 0x00007fff6fff4000 	C:\WINDOWS\SYSTEM32\DBGHELP.DLL
0x00007fff5cd20000 - 0x00007fff5cd4c000 	C:\WINDOWS\SYSTEM32\dbgcore.DLL
0x00007fff72180000 - 0x00007fff72202000 	C:\WINDOWS\System32\bcryptPrimitives.dll
0x00007fff5dbd0000 - 0x00007fff5dbf8000 	C:\Program Files\Java\jdk-11.0.9\bin\java.dll
0x00007fff6cf80000 - 0x00007fff6cf8a000 	C:\Program Files\Java\jdk-11.0.9\bin\jimage.dll
0x00007fff5c770000 - 0x00007fff5c786000 	C:\Program Files\Java\jdk-11.0.9\bin\zip.dll

dbghelp: loaded successfully - version: 4.0.5 - missing functions: none
symbol engine: initialized successfully - sym options: 0x614 - pdb path: .;C:\Program Files\Java\jdk-11.0.9\bin;C:\WINDOWS\SYSTEM32;C:\WINDOWS\WinSxS\amd64_microsoft.windows.common-controls_6595b64144ccf1df_6.0.19041.1110_none_60b5254171f9507e;C:\Program Files\Java\jdk-11.0.9\bin\server

VM Arguments:
jvm_args: -Dfile.encoding=UTF-8 
java_command: paypal.client.TodoApplication
java_class_path (initial): E:\paypal\dev\02-todos-service-spring-xml\target\classes;C:\Users\admin\.m2\repository\org\springframework\spring-context\5.3.5\spring-context-5.3.5.jar;C:\Users\admin\.m2\repository\org\springframework\spring-aop\5.3.5\spring-aop-5.3.5.jar;C:\Users\admin\.m2\repository\org\springframework\spring-beans\5.3.5\spring-beans-5.3.5.jar;C:\Users\admin\.m2\repository\org\springframework\spring-core\5.3.5\spring-core-5.3.5.jar;C:\Users\admin\.m2\repository\org\springframework\spring-jcl\5.3.5\spring-jcl-5.3.5.jar;C:\Users\admin\.m2\repository\org\springframework\spring-expression\5.3.5\spring-expression-5.3.5.jar
Launcher Type: SUN_STANDARD

[Global flags]
     intx CICompilerCount                          = 3                                         {product} {ergonomic}
     uint ConcGCThreads                            = 1                                         {product} {ergonomic}
     uint G1ConcRefinementThreads                  = 4                                         {product} {ergonomic}
   size_t G1HeapRegionSize                         = 1048576                                   {product} {ergonomic}
    uintx GCDrainStackTargetSize                   = 64                                        {product} {ergonomic}
   size_t InitialHeapSize                          = 134217728                                 {product} {ergonomic}
   size_t MarkStackSize                            = 4194304                                   {product} {ergonomic}
   size_t MaxHeapSize                              = 2122317824                                {product} {ergonomic}
   size_t MinHeapDeltaBytes                        = 1048576                                   {product} {ergonomic}
    uintx NonNMethodCodeHeapSize                   = 5830732                                {pd product} {ergonomic}
    uintx NonProfiledCodeHeapSize                  = 122913754                              {pd product} {ergonomic}
    uintx ProfiledCodeHeapSize                     = 122913754                              {pd product} {ergonomic}
    uintx ReservedCodeCacheSize                    = 251658240                              {pd product} {ergonomic}
     bool SegmentedCodeCache                       = true                                      {product} {ergonomic}
     bool UseCompressedClassPointers               = true                                 {lp64_product} {ergonomic}
     bool UseCompressedOops                        = true                                 {lp64_product} {ergonomic}
     bool UseG1GC                                  = true                                      {product} {ergonomic}
     bool UseLargePagesIndividualAllocation        = false                                  {pd product} {ergonomic}

Logging:
Log output configuration:
 #0: stdout all=warning uptime,level,tags
 #1: stderr all=off uptime,level,tags

Environment Variables:
JAVA_HOME=C:\Program Files\Java\jdk-11.0.9
PATH=C:/Program Files/Java/jdk-11.0.9/bin/server;C:/Program Files/Java/jdk-11.0.9/bin;C:\Program Files\Java\jdk-11.0.9\bin;C:\Program Files\Common Files\Oracle\Java\javapath;C:\Program Files (x86)\Common Files\Oracle\Java\javapath;C:\WINDOWS\system32;C:\WINDOWS;C:\WINDOWS\System32\Wbem;C:\WINDOWS\System32\WindowsPowerShell\v1.0\;C:\Program Files\Git\cmd;C:\Program Files\Git\mingw64\bin;C:\Program Files\Cloud Foundry;C:\Program Files\nodejs\;C:\Program Files\PuTTY\;C:\apache-maven-3.6.3\bin;C:\ProgramData\chocolatey\bin;C:\WINDOWS\System32\OpenSSH\;C:\Program Files (x86)\Brackets\command;C:\Program Files (x86)\Google\Cloud SDK\google-cloud-sdk\bin;C:\Program Files\Microsoft SQL Server\150\Tools\Binn\;C:\Program Files\dotnet\;C:\Program Files\Microsoft SQL Server\130\Tools\Binn\;C:\Program Files\Microsoft SQL Server\Client SDK\ODBC\170\Tools\Binn\;C:\Program Files (x86)\Microsoft SQL Server\150\Tools\Binn\;C:\Program Files\Microsoft SQL Server\150\DTS\Binn\;C:\Program Files\MySQL\MySQL Shell 8.0\bin\;C:\Users\admin\AppData\Local\Microsoft\WindowsApps;C:\Users\admin\AppData\Local\Programs\Microsoft VS Code\bin;C:\Users\admin\AppData\Roaming\npm;C:\Users\admin\AppData\Local\Google\Cloud SDK\google-cloud-sdk\bin;C:\Users\admin\.dotnet\tools;C:\Users\admin\Desktop;
USERNAME=Vinodh
OS=Windows_NT
PROCESSOR_IDENTIFIER=Intel64 Family 6 Model 69 Stepping 1, GenuineIntel



---------------  S Y S T E M  ---------------

OS: Windows 10 , 64 bit Build 19041 (10.0.19041.1889)
HyperV virtualization detected

CPU:total 4 (initial active 4) (2 cores per cpu, 2 threads per core) family 6 model 69 stepping 1, cmov, cx8, fxsr, mmx, sse, sse2, sse3, ssse3, sse4.1, sse4.2, popcnt, avx, avx2, aes, clmul, erms, lzcnt, ht, tsc, tscinvbit, bmi1, bmi2, fma

Memory: 4k page, system-wide physical 8095M (818M free)
TotalPageFile size 32671M (AvailPageFile size 97M)
current process WorkingSet (physical memory assigned to process): 9M, peak: 9M
current process commit charge ("private bytes"): 51M, peak: 179M

vm_info: Java HotSpot(TM) 64-Bit Server VM (11.0.9+7-LTS) for windows-amd64 JRE (11.0.9+7-LTS), built on Sep 15 2020 16:47:03 by "mach5one" with MS VC++ 15.9 (VS2017)

END.
